# JRE version: OpenJDK Runtime Environment (8.0_242-b01) (build 1.8.0_242-release-1644-b01)
# Java VM: OpenJDK 64-Bit Server VM (25.242-b01 mixed mode windows-amd64 compressed oops)
Heap:
 PSYoungGen      total 389632K, used 143038K [0x00000000d5580000, 0x00000000f6200000, 0x0000000100000000)
  eden space 343552K, 37% used [0x00000000d5580000,0x00000000dd3068e8,0x00000000ea500000)
  from space 46080K, 31% used [0x00000000ea500000,0x00000000eb3290e8,0x00000000ed200000)
  to   space 45056K, 0% used [0x00000000f3600000,0x00000000f3600000,0x00000000f6200000)
 ParOldGen       total 364544K, used 48939K [0x0000000080000000, 0x0000000096400000, 0x00000000d5580000)
  object space 364544K, 13% used [0x0000000080000000,0x0000000082fcaec0,0x0000000096400000)
 Metaspace       used 106722K, capacity 111688K, committed 112088K, reserved 1148928K
  class space    used 14031K, capacity 14977K, committed 15104K, reserved 1048576K
GC Heap History (10 events):
Event: 3201.455 GC heap before
{Heap before GC invocations=13 (full 3):
 PSYoungGen      total 366592K, used 366584K [0x00000000d5580000, 0x00000000f1900000, 0x0000000100000000)
  eden space 342016K, 100% used [0x00000000d5580000,0x00000000ea380000,0x00000000ea380000)
  from space 24576K, 99% used [0x00000000ea380000,0x00000000ebb7e0c0,0x00000000ebb80000)
  to   space 32768K, 0% used [0x00000000ef900000,0x00000000ef900000,0x00000000f1900000)
 ParOldGen       total 263680K, used 46753K [0x0000000080000000, 0x0000000090180000, 0x00000000d5580000)
  object space 263680K, 17% used [0x0000000080000000,0x0000000082da8578,0x0000000090180000)
 Metaspace       used 88307K, capacity 93094K, committed 93400K, reserved 1130496K
  class space    used 11717K, capacity 12702K, committed 12800K, reserved 1048576K
Event: 3201.482 GC heap after
Heap after GC invocations=13 (full 3):
 PSYoungGen      total 364544K, used 32754K [0x00000000d5580000, 0x00000000f1900000, 0x0000000100000000)
  eden space 331776K, 0% used [0x00000000d5580000,0x00000000d5580000,0x00000000e9980000)
  from space 32768K, 99% used [0x00000000ef900000,0x00000000f18fcb78,0x00000000f1900000)
  to   space 44032K, 0% used [0x00000000ec300000,0x00000000ec300000,0x00000000eee00000)
 ParOldGen       total 263680K, used 65571K [0x0000000080000000, 0x0000000090180000, 0x00000000d5580000)
  object space 263680K, 24% used [0x0000000080000000,0x0000000084008c10,0x0000000090180000)
 Metaspace       used 88307K, capacity 93094K, committed 93400K, reserved 1130496K
  class space    used 11717K, capacity 12702K, committed 12800K, reserved 1048576K
}
Event: 3202.903 GC heap before
{Heap before GC invocations=14 (full 3):
 PSYoungGen      total 364544K, used 273960K [0x00000000d5580000, 0x00000000f1900000, 0x0000000100000000)
  eden space 331776K, 72% used [0x00000000d5580000,0x00000000e410d4f8,0x00000000e9980000)
  from space 32768K, 99% used [0x00000000ef900000,0x00000000f18fcb78,0x00000000f1900000)
  to   space 44032K, 0% used [0x00000000ec300000,0x00000000ec300000,0x00000000eee00000)
 ParOldGen       total 263680K, used 65571K [0x0000000080000000, 0x0000000090180000, 0x00000000d5580000)
  object space 263680K, 24% used [0x0000000080000000,0x0000000084008c10,0x0000000090180000)
 Metaspace       used 93421K, capacity 98306K, committed 98380K, reserved 1134592K
  class space    used 12268K, capacity 13278K, committed 13312K, reserved 1048576K
Event: 3202.919 GC heap after
Heap after GC invocations=14 (full 3):
 PSYoungGen      total 337408K, used 15251K [0x00000000d5580000, 0x00000000ef980000, 0x0000000100000000)
  eden space 322048K, 0% used [0x00000000d5580000,0x00000000d5580000,0x00000000e9000000)
  from space 15360K, 99% used [0x00000000ec300000,0x00000000ed1e4e08,0x00000000ed200000)
  to   space 40448K, 0% used [0x00000000ed200000,0x00000000ed200000,0x00000000ef980000)
 ParOldGen       total 263680K, used 87000K [0x0000000080000000, 0x0000000090180000, 0x00000000d5580000)
  object space 263680K, 32% used [0x0000000080000000,0x00000000854f63f8,0x0000000090180000)
 Metaspace       used 93421K, capacity 98306K, committed 98380K, reserved 1134592K
  class space    used 12268K, capacity 13278K, committed 13312K, reserved 1048576K
}
Event: 3202.919 GC heap before
{Heap before GC invocations=15 (full 4):
 PSYoungGen      total 337408K, used 15251K [0x00000000d5580000, 0x00000000ef980000, 0x0000000100000000)
  eden space 322048K, 0% used [0x00000000d5580000,0x00000000d5580000,0x00000000e9000000)
  from space 15360K, 99% used [0x00000000ec300000,0x00000000ed1e4e08,0x00000000ed200000)
  to   space 40448K, 0% used [0x00000000ed200000,0x00000000ed200000,0x00000000ef980000)
 ParOldGen       total 263680K, used 87000K [0x0000000080000000, 0x0000000090180000, 0x00000000d5580000)
  object space 263680K, 32% used [0x0000000080000000,0x00000000854f63f8,0x0000000090180000)
 Metaspace       used 93421K, capacity 98306K, committed 98380K, reserved 1134592K
  class space    used 12268K, capacity 13278K, committed 13312K, reserved 1048576K
Event: 3203.030 GC heap after
Heap after GC invocations=15 (full 4):
 PSYoungGen      total 337408K, used 0K [0x00000000d5580000, 0x00000000ef980000, 0x0000000100000000)
  eden space 322048K, 0% used [0x00000000d5580000,0x00000000d5580000,0x00000000e9000000)
  from space 15360K, 0% used [0x00000000ec300000,0x00000000ec300000,0x00000000ed200000)
  to   space 40448K, 0% used [0x00000000ed200000,0x00000000ed200000,0x00000000ef980000)
 ParOldGen       total 364544K, used 48923K [0x0000000080000000, 0x0000000096400000, 0x00000000d5580000)
  object space 364544K, 13% used [0x0000000080000000,0x0000000082fc6ec0,0x0000000096400000)
 Metaspace       used 92227K, capacity 95784K, committed 98380K, reserved 1134592K
  class space    used 11996K, capacity 12786K, committed 13312K, reserved 1048576K
}
Event: 3204.363 GC heap before
{Heap before GC invocations=16 (full 4):
 PSYoungGen      total 337408K, used 322048K [0x00000000d5580000, 0x00000000ef980000, 0x0000000100000000)
  eden space 322048K, 100% used [0x00000000d5580000,0x00000000e9000000,0x00000000e9000000)
  from space 15360K, 0% used [0x00000000ec300000,0x00000000ec300000,0x00000000ed200000)
  to   space 40448K, 0% used [0x00000000ed200000,0x00000000ed200000,0x00000000ef980000)
 ParOldGen       total 364544K, used 48923K [0x0000000080000000, 0x0000000096400000, 0x00000000d5580000)
  object space 364544K, 13% used [0x0000000080000000,0x0000000082fc6ec0,0x0000000096400000)
 Metaspace       used 98087K, capacity 102162K, committed 104024K, reserved 1138688K
  class space    used 12786K, capacity 13609K, committed 13952K, reserved 1048576K
Event: 3204.379 GC heap after
Heap after GC invocations=16 (full 4):
 PSYoungGen      total 384000K, used 36231K [0x00000000d5580000, 0x00000000f4b80000, 0x0000000100000000)
  eden space 343552K, 0% used [0x00000000d5580000,0x00000000d5580000,0x00000000ea500000)
  from space 40448K, 89% used [0x00000000ed200000,0x00000000ef561d10,0x00000000ef980000)
  to   space 46080K, 0% used [0x00000000ea500000,0x00000000ea500000,0x00000000ed200000)
 ParOldGen       total 364544K, used 48931K [0x0000000080000000, 0x0000000096400000, 0x00000000d5580000)
  object space 364544K, 13% used [0x0000000080000000,0x0000000082fc8ec0,0x0000000096400000)
 Metaspace       used 98087K, capacity 102162K, committed 104024K, reserved 1138688K
  class space    used 12786K, capacity 13609K, committed 13952K, reserved 1048576K
}
Event: 3205.948 GC heap before
{Heap before GC invocations=17 (full 4):
 PSYoungGen      total 384000K, used 379783K [0x00000000d5580000, 0x00000000f4b80000, 0x0000000100000000)
  eden space 343552K, 100% used [0x00000000d5580000,0x00000000ea500000,0x00000000ea500000)
  from space 40448K, 89% used [0x00000000ed200000,0x00000000ef561d10,0x00000000ef980000)
  to   space 46080K, 0% used [0x00000000ea500000,0x00000000ea500000,0x00000000ed200000)
 ParOldGen       total 364544K, used 48931K [0x0000000080000000, 0x0000000096400000, 0x00000000d5580000)
  object space 364544K, 13% used [0x0000000080000000,0x0000000082fc8ec0,0x0000000096400000)
 Metaspace       used 102832K, capacity 107790K, committed 108248K, reserved 1142784K
  class space    used 13503K, capacity 14479K, committed 14592K, reserved 1048576K
Event: 3205.958 GC heap after
Heap after GC invocations=17 (full 4):
 PSYoungGen      total 389632K, used 14500K [0x00000000d5580000, 0x00000000f6200000, 0x0000000100000000)
  eden space 343552K, 0% used [0x00000000d5580000,0x00000000d5580000,0x00000000ea500000)
  from space 46080K, 31% used [0x00000000ea500000,0x00000000eb3290e8,0x00000000ed200000)
  to   space 45056K, 0% used [0x00000000f3600000,0x00000000f3600000,0x00000000f6200000)
 ParOldGen       total 364544K, used 48939K [0x0000000080000000, 0x0000000096400000, 0x00000000d5580000)
  object space 364544K, 13% used [0x0000000080000000,0x0000000082fcaec0,0x0000000096400000)
 Metaspace       used 102832K, capacity 107790K, committed 108248K, reserved 1142784K
  class space    used 13503K, capacity 14479K, committed 14592K, reserved 1048576K
}

